TN:
SF:script/DeployBSCContracts.s.sol
DA:14,0
FN:14,DeployBSCContracts.run
FNDA:0,DeployBSCContracts.run
DA:15,0
DA:16,0
DA:18,0
DA:20,0
DA:28,0
DA:29,0
DA:31,0
DA:32,0
DA:33,0
DA:34,0
DA:35,0
DA:37,0
FNF:1
FNH:0
LF:13
LH:0
BRF:0
BRH:0
end_of_record
TN:
SF:script/DeploySepoliaContracts.s.sol
DA:17,0
FN:17,DeploySepoliaContracts.run
FNDA:0,DeploySepoliaContracts.run
DA:18,0
DA:19,0
DA:22,0
DA:27,0
DA:30,0
DA:31,0
DA:32,0
DA:33,0
DA:37,0
DA:44,0
DA:47,0
DA:48,0
DA:50,0
DA:51,0
DA:52,0
DA:54,0
FNF:1
FNH:0
LF:17
LH:0
BRF:0
BRH:0
end_of_record
TN:
SF:script/DeployVRFLottery.s.sol
DA:19,0
FN:19,DeployVRFLottery.run
FNDA:0,DeployVRFLottery.run
DA:20,0
DA:21,0
DA:24,0
DA:25,0
DA:27,0
DA:28,0
BRDA:28,0,0,-
BRDA:28,0,1,-
DA:36,0
DA:39,0
DA:47,0
DA:48,0
DA:50,0
DA:52,0
DA:53,0
DA:55,0
FNF:1
FNH:0
LF:15
LH:0
BRF:2
BRH:0
end_of_record
TN:
SF:src/bridge/GoldBridge.sol
DA:28,11
FN:28,GoldBridge.constructor
FNDA:11,GoldBridge.constructor
DA:35,11
BRDA:35,0,0,-
DA:36,0
DA:38,11
DA:39,11
DA:40,11
DA:42,11
DA:43,11
DA:47,11
FN:47,GoldBridge.initialize
FNDA:11,GoldBridge.initialize
DA:48,11
DA:49,11
DA:54,3
FN:54,GoldBridge.bridgeOut
FNDA:3,GoldBridge.bridgeOut
DA:55,3
BRDA:55,1,0,1
DA:56,1
DA:59,2
DA:61,2
DA:62,2
DA:66,2
DA:74,2
DA:76,2
BRDA:76,2,0,1
DA:77,1
DA:80,1
DA:82,1
DA:84,1
DA:88,4
FN:88,GoldBridge.ccipReceive
FNDA:4,GoldBridge.ccipReceive
DA:91,4
BRDA:91,3,0,1
DA:93,3
DA:97,3
BRDA:97,4,0,1
DA:98,2
BRDA:98,5,0,1
DA:101,1
DA:102,1
DA:106,12
FN:106,GoldBridge.setRemoteContract
FNDA:12,GoldBridge.setRemoteContract
DA:107,12
DA:108,12
DA:112,12
FN:112,GoldBridge.setDestinationChainId
FNDA:12,GoldBridge.setDestinationChainId
DA:113,12
DA:114,12
DA:118,0
FN:118,GoldBridge._authorizeUpgrade
FNDA:0,GoldBridge._authorizeUpgrade
DA:121,1
FN:121,GoldBridge.receive
FNDA:1,GoldBridge.receive
DA:122,1
FNF:8
FNH:7
LF:40
LH:38
BRF:6
BRH:5
end_of_record
TN:
SF:src/bridge/GoldBridgeBSC.sol
DA:25,0
FN:25,GoldBridgeBSC.constructor
FNDA:0,GoldBridgeBSC.constructor
DA:32,0
BRDA:32,0,0,-
DA:33,0
DA:35,0
DA:36,0
DA:37,0
DA:38,0
DA:42,0
FN:42,GoldBridgeBSC.initialize
FNDA:0,GoldBridgeBSC.initialize
DA:43,0
DA:44,0
DA:49,0
FN:49,GoldBridgeBSC._ccipReceive
FNDA:0,GoldBridgeBSC._ccipReceive
DA:51,0
BRDA:51,1,0,-
DA:52,0
DA:56,0
BRDA:56,2,0,-
DA:57,0
DA:60,0
DA:61,0
BRDA:61,3,0,-
DA:62,0
BRDA:62,4,0,-
DA:65,0
DA:66,0
DA:71,0
FN:71,GoldBridgeBSC.bridgeBack
FNDA:0,GoldBridgeBSC.bridgeBack
DA:73,0
BRDA:73,5,0,-
DA:74,0
DA:78,0
DA:81,0
DA:82,0
DA:86,0
DA:95,0
DA:96,0
DA:99,0
BRDA:99,6,0,-
DA:100,0
DA:104,0
BRDA:104,7,0,-
DA:105,0
DA:109,0
DA:112,0
DA:114,0
DA:119,0
FN:119,GoldBridgeBSC.setAuthorizedSourceAddress
FNDA:0,GoldBridgeBSC.setAuthorizedSourceAddress
DA:120,0
BRDA:120,8,0,-
DA:121,0
DA:122,0
DA:125,0
FN:125,GoldBridgeBSC.setRemoteContract
FNDA:0,GoldBridgeBSC.setRemoteContract
DA:126,0
DA:127,0
DA:130,0
FN:130,GoldBridgeBSC.setSepoliaChainId
FNDA:0,GoldBridgeBSC.setSepoliaChainId
DA:131,0
DA:132,0
DA:135,0
FN:135,GoldBridgeBSC._authorizeUpgrade
FNDA:0,GoldBridgeBSC._authorizeUpgrade
FNF:8
FNH:0
LF:47
LH:0
BRF:9
BRH:0
end_of_record
TN:
SF:src/lottery/GoldLottery.sol
DA:34,0
FN:34,GoldLottery.constructor
FNDA:0,GoldLottery.constructor
DA:41,0
DA:42,0
DA:43,0
DA:44,0
DA:45,0
DA:48,0
FN:48,GoldLottery.initialize
FNDA:0,GoldLottery.initialize
DA:49,0
DA:50,0
DA:53,0
FN:53,GoldLottery.enterLottery
FNDA:0,GoldLottery.enterLottery
DA:54,0
BRDA:54,0,0,-
DA:55,0
BRDA:55,1,0,-
DA:57,0
DA:58,0
BRDA:58,2,0,-
DA:59,0
DA:61,0
DA:65,0
FN:65,GoldLottery.depositFees
FNDA:0,GoldLottery.depositFees
DA:66,0
BRDA:66,3,0,-
DA:67,0
DA:70,0
FN:70,GoldLottery.drawLottery
FNDA:0,GoldLottery.drawLottery
DA:71,0
DA:74,0
FN:74,GoldLottery._drawLottery
FNDA:0,GoldLottery._drawLottery
DA:75,0
BRDA:75,4,0,-
DA:76,0
BRDA:76,5,0,-
DA:78,0
DA:91,0
DA:97,0
DA:98,0
DA:101,0
FN:101,GoldLottery.rawFulfillRandomWords
FNDA:0,GoldLottery.rawFulfillRandomWords
DA:102,0
BRDA:102,6,0,-
BRDA:102,6,1,-
DA:103,0
DA:106,0
FN:106,GoldLottery.fulfillRandomWords
FNDA:0,GoldLottery.fulfillRandomWords
DA:107,0
BRDA:107,7,0,-
DA:108,0
BRDA:108,8,0,-
DA:110,0
DA:111,0
DA:112,0
DA:115,0
FN:115,GoldLottery._selectWinner
FNDA:0,GoldLottery._selectWinner
DA:116,0
DA:117,0
DA:118,0
DA:120,0
DA:121,0
DA:122,0
BRDA:122,9,0,-
DA:123,0
DA:126,0
DA:129,0
FN:129,GoldLottery._calculateTotalChances
FNDA:0,GoldLottery._calculateTotalChances
DA:130,0
DA:131,0
DA:132,0
DA:134,0
DA:137,0
FN:137,GoldLottery._distributePrize
FNDA:0,GoldLottery._distributePrize
DA:138,0
DA:139,0
DA:140,0
DA:141,0
DA:143,0
DA:144,0
BRDA:144,10,0,-
DA:146,0
DA:149,0
FN:149,GoldLottery._resetLottery
FNDA:0,GoldLottery._resetLottery
DA:150,0
DA:151,0
DA:153,0
DA:154,0
DA:155,0
DA:157,0
DA:159,0
DA:162,0
FN:162,GoldLottery.setCoordinator
FNDA:0,GoldLottery.setCoordinator
DA:163,0
BRDA:163,11,0,-
DA:164,0
DA:167,0
FN:167,GoldLottery._authorizeUpgrade
FNDA:0,GoldLottery._authorizeUpgrade
DA:169,0
FN:169,GoldLottery.getParticipants
FNDA:0,GoldLottery.getParticipants
DA:170,0
DA:173,0
FN:173,GoldLottery.getChances
FNDA:0,GoldLottery.getChances
DA:174,0
DA:177,0
FN:177,GoldLottery.receive
FNDA:0,GoldLottery.receive
DA:178,0
FNF:17
FNH:0
LF:77
LH:0
BRF:13
BRH:0
end_of_record
TN:
SF:src/tokens/GoldToken.sol
DA:37,11
FN:37,GoldToken.constructor
FNDA:11,GoldToken.constructor
DA:42,11
DA:43,0
BRDA:43,0,0,-
DA:44,11
DA:45,11
DA:46,11
DA:51,11
FN:51,GoldToken.initialize
FNDA:11,GoldToken.initialize
DA:52,11
DA:53,11
DA:54,11
DA:59,0
FN:59,GoldToken.mint
FNDA:0,GoldToken.mint
DA:60,0
BRDA:60,1,0,-
BRDA:60,1,1,-
DA:62,0
DA:63,0
DA:64,0
BRDA:64,2,0,-
BRDA:64,2,1,-
DA:66,0
DA:67,0
DA:69,0
DA:71,0
DA:72,0
BRDA:72,3,0,-
BRDA:72,3,1,-
DA:74,0
DA:76,0
DA:77,0
DA:79,0
DA:80,0
BRDA:80,4,0,-
BRDA:80,4,1,-
DA:82,0
DA:83,0
DA:85,0
DA:87,0
DA:92,0
FN:92,GoldToken.burn
FNDA:0,GoldToken.burn
DA:93,0
BRDA:93,5,0,-
DA:95,0
DA:96,0
DA:97,0
BRDA:97,6,0,-
DA:99,0
DA:100,0
DA:102,0
DA:103,0
DA:104,0
BRDA:104,7,0,-
DA:106,0
DA:108,0
DA:109,0
DA:110,0
DA:112,0
DA:113,0
DA:115,0
DA:116,0
DA:122,2
FN:122,GoldToken.burnFrom
FNDA:2,GoldToken.burnFrom
DA:123,2
DA:124,2
DA:130,11
FN:130,GoldToken.adminMint
FNDA:11,GoldToken.adminMint
DA:131,11
DA:136,11
FN:136,GoldToken.setBridgeAddress
FNDA:11,GoldToken.setBridgeAddress
DA:137,11
BRDA:137,8,0,-
DA:138,11
DA:144,1
FN:144,GoldToken.bridgeMint
FNDA:1,GoldToken.bridgeMint
DA:145,1
BRDA:145,9,0,-
DA:146,1
DA:152,0
FN:152,GoldToken._authorizeUpgrade
FNDA:0,GoldToken._authorizeUpgrade
FNF:9
FNH:6
LF:59
LH:20
BRF:14
BRH:0
end_of_record
TN:
SF:src/tokens/GoldTokenBSC.sol
DA:17,0
FN:17,GoldTokenBSC.setBridge
FNDA:0,GoldTokenBSC.setBridge
DA:18,0
BRDA:18,0,0,-
DA:19,0
DA:25,0
FN:25,GoldTokenBSC.bridgeMint
FNDA:0,GoldTokenBSC.bridgeMint
DA:26,0
BRDA:26,1,0,-
DA:27,0
DA:28,0
DA:33,0
FN:33,GoldTokenBSC.burn
FNDA:0,GoldTokenBSC.burn
DA:34,0
DA:40,0
FN:40,GoldTokenBSC.burnFrom
FNDA:0,GoldTokenBSC.burnFrom
DA:41,0
DA:42,0
FNF:4
FNH:0
LF:12
LH:0
BRF:2
BRH:0
end_of_record
TN:
SF:test/mocks/LinkTokenMock.sol
DA:9,11
FN:9,LinkTokenMock.mint
FNDA:11,LinkTokenMock.mint
DA:10,11
FNF:1
FNH:1
LF:2
LH:2
BRF:0
BRH:0
end_of_record
TN:
SF:test/mocks/LotteryMock.sol
DA:12,0
FN:12,LotteryMock.initialize
FNDA:0,LotteryMock.initialize
DA:14,0
FN:14,LotteryMock.setCoordinator
FNDA:0,LotteryMock.setCoordinator
DA:16,0
FN:16,LotteryMock.enterLottery
FNDA:0,LotteryMock.enterLottery
DA:17,0
DA:18,0
DA:21,0
FN:21,LotteryMock.depositFees
FNDA:0,LotteryMock.depositFees
DA:22,0
BRDA:22,0,0,-
DA:23,0
DA:26,0
FN:26,LotteryMock.getParticipants
FNDA:0,LotteryMock.getParticipants
DA:27,0
DA:28,0
DA:31,0
FN:31,LotteryMock.getChances
FNDA:0,LotteryMock.getChances
DA:32,0
DA:35,0
FN:35,LotteryMock.receive
FNDA:0,LotteryMock.receive
DA:36,0
FNF:7
FNH:0
LF:15
LH:0
BRF:1
BRH:0
end_of_record
TN:
SF:test/mocks/PriceFeedMock.sol
DA:7,22
FN:7,PriceFeedMock.setPrice
FNDA:22,PriceFeedMock.setPrice
DA:8,22
DA:11,0
FN:11,PriceFeedMock.latestRoundData
FNDA:0,PriceFeedMock.latestRoundData
DA:14,0
FNF:2
FNH:1
LF:4
LH:2
BRF:0
BRH:0
end_of_record
TN:
SF:test/mocks/RouterMock.sol
DA:12,2
FN:12,RouterMock.getFee
FNDA:2,RouterMock.getFee
DA:16,2
DA:19,1
FN:19,RouterMock.ccipSend
FNDA:1,RouterMock.ccipSend
DA:24,1
BRDA:24,0,0,-
BRDA:24,0,1,1
DA:30,1
BRDA:30,1,0,-
BRDA:30,1,1,1
DA:35,1
DA:38,0
FN:38,RouterMock.isChainSupported
FNDA:0,RouterMock.isChainSupported
DA:39,0
DA:42,13
FN:42,RouterMock.setFees
FNDA:13,RouterMock.setFees
DA:43,13
DA:46,12
FN:46,RouterMock.setNextMessageId
FNDA:12,RouterMock.setNextMessageId
DA:47,12
FNF:5
FNH:4
LF:12
LH:10
BRF:4
BRH:2
end_of_record
TN:
SF:test/mocks/VRFCoordinatorV2_5Mock.sol
DA:25,0
FN:25,VRFCoordinatorV2_5Mock.requestRandomWords
FNDA:0,VRFCoordinatorV2_5Mock.requestRandomWords
DA:28,0
DA:29,0
DA:31,0
DA:43,0
DA:46,0
FN:46,VRFCoordinatorV2_5Mock.fulfillRandomWords
FNDA:0,VRFCoordinatorV2_5Mock.fulfillRandomWords
DA:47,0
BRDA:47,0,0,-
BRDA:47,0,1,-
DA:49,0
DA:50,0
DA:52,0
DA:58,0
FN:58,VRFCoordinatorV2_5Mock.createSubscription
FNDA:0,VRFCoordinatorV2_5Mock.createSubscription
DA:59,0
DA:62,0
FN:62,VRFCoordinatorV2_5Mock.addConsumer
FNDA:0,VRFCoordinatorV2_5Mock.addConsumer
DA:64,0
FN:64,VRFCoordinatorV2_5Mock.fundSubscription
FNDA:0,VRFCoordinatorV2_5Mock.fundSubscription
FNF:5
FNH:0
LF:14
LH:0
BRF:2
BRH:0
end_of_record
